<?xml version="1.0" encoding="UTF-8"?>
<testng-results ignored="0" total="1" passed="1" failed="0" skipped="0">
  <reporter-output>
  </reporter-output>
  <suite started-at="2024-03-20T20:16:19 IST" name="Default suite" finished-at="2024-03-20T20:16:35 IST" duration-ms="15721">
    <groups>
    </groups>
    <test started-at="2024-03-20T20:16:19 IST" name="Default test" finished-at="2024-03-20T20:16:35 IST" duration-ms="15721">
      <class name="beauty.LaunchLoreal_Test">
        <test-method signature="loreal()[pri:0, instance:beauty.LaunchLoreal_Test@6d4e5011]" started-at="2024-03-20T20:16:19 IST" name="loreal" finished-at="2024-03-20T20:16:35 IST" duration-ms="15640" status="PASS">
          <reporter-output>
          </reporter-output>
        </test-method> <!-- loreal -->
      </class> <!-- beauty.LaunchLoreal_Test -->
    </test> <!-- Default test -->
  </suite> <!-- Default suite -->
</testng-results>
